2007.09.14 17:10 B C:\Documents and Settings\Vasant Shah\My Documents\Vasant\Web Page-VPS11\abu1.htm <-- A VPS11 Home Page /webdocs abu1.htm
2007.09.14 17:10 B C:\Documents and Settings\Vasant Shah\My Documents\Vasant\Web Page-VPS11\abu1.jpg <-- A VPS11 Home Page /webdocs abu1.jpg
2007.09.14 17:10 B C:\Documents and Settings\Vasant Shah\My Documents\Vasant\Web Page-VPS11\abu2.htm <-- A VPS11 Home Page /webdocs abu2.htm
2007.09.14 17:10 B C:\Documents and Settings\Vasant Shah\My Documents\Vasant\Web Page-VPS11\abu2.jpg <-- A VPS11 Home Page /webdocs abu2.jpg
2007.09.14 17:10 B C:\Documents and Settings\Vasant Shah\My Documents\Vasant\Web Page-VPS11\audio.HTM <-- A VPS11 Home Page /webdocs audio.HTM
2007.09.14 17:10 B C:\Documents and Settings\Vasant Shah\My Documents\Vasant\Web Page-VPS11\bg_poem.gif <-- A VPS11 Home Page /webdocs bg_poem.gif
2007.09.14 17:10 B C:\Documents and Settings\Vasant Shah\My Documents\Vasant\Web Page-VPS11\bhajans.htm <-- A VPS11 Home Page /webdocs bhajans.htm
2007.09.14 17:10 B C:\Documents and Settings\Vasant Shah\My Documents\Vasant\Web Page-VPS11\blbg.jpg <-- A VPS11 Home Page /webdocs blbg.jpg
2007.09.14 17:10 B C:\Documents and Settings\Vasant Shah\My Documents\Vasant\Web Page-VPS11\bless.htm <-- A VPS11 Home Page /webdocs bless.htm
2007.09.14 17:10 B C:\Documents and Settings\Vasant Shah\My Documents\Vasant\Web Page-VPS11\cover.jpg <-- A VPS11 Home Page /webdocs cover.jpg
2007.09.14 17:10 B C:\Documents and Settings\Vasant Shah\My Documents\Vasant\Web Page-VPS11\cover1t.jpg <-- A VPS11 Home Page /webdocs cover1t.jpg
2007.09.14 17:10 B C:\Documents and Settings\Vasant Shah\My Documents\Vasant\Web Page-VPS11\dedi.htm <-- A VPS11 Home Page /webdocs dedi.htm
2007.09.14 17:10 B C:\Documents and Settings\Vasant Shah\My Documents\Vasant\Web Page-VPS11\deepak.htm <-- A VPS11 Home Page /webdocs deepak.htm
2007.09.14 17:10 B C:\Documents and Settings\Vasant Shah\My Documents\Vasant\Web Page-VPS11\deepak1.htm <-- A VPS11 Home Page /webdocs deepak1.htm
2007.09.14 17:10 B C:\Documents and Settings\Vasant Shah\My Documents\Vasant\Web Page-VPS11\dimple.htm <-- A VPS11 Home Page /webdocs dimple.htm
2007.09.14 17:10 B C:\Documents and Settings\Vasant Shah\My Documents\Vasant\Web Page-VPS11\dpk1.jpg <-- A VPS11 Home Page /webdocs dpk1.jpg
2007.09.14 17:10 B C:\Documents and Settings\Vasant Shah\My Documents\Vasant\Web Page-VPS11\dpkbd.htm <-- A VPS11 Home Page /webdocs dpkbd.htm
2007.09.14 17:10 B C:\Documents and Settings\Vasant Shah\My Documents\Vasant\Web Page-VPS11\dpkbd.jpg <-- A VPS11 Home Page /webdocs dpkbd.jpg
2007.09.14 17:10 B C:\Documents and Settings\Vasant Shah\My Documents\Vasant\Web Page-VPS11\dpkbg.jpg <-- A VPS11 Home Page /webdocs dpkbg.jpg
2007.09.14 17:10 B C:\Documents and Settings\Vasant Shah\My Documents\Vasant\Web Page-VPS11\dpkbio.htm <-- A VPS11 Home Page /webdocs dpkbio.htm
2007.09.14 17:10 B C:\Documents and Settings\Vasant Shah\My Documents\Vasant\Web Page-VPS11\dpkbio.jpg <-- A VPS11 Home Page /webdocs dpkbio.jpg
2007.09.14 17:10 B C:\Documents and Settings\Vasant Shah\My Documents\Vasant\Web Page-VPS11\dpkcard1.htm <-- A VPS11 Home Page /webdocs dpkcard1.htm
2007.09.14 17:10 B C:\Documents and Settings\Vasant Shah\My Documents\Vasant\Web Page-VPS11\dpkcard2.htm <-- A VPS11 Home Page /webdocs dpkcard2.htm
2007.09.14 17:10 B C:\Documents and Settings\Vasant Shah\My Documents\Vasant\Web Page-VPS11\dpkcard3.htm <-- A VPS11 Home Page /webdocs dpkcard3.htm
2007.09.14 17:10 B C:\Documents and Settings\Vasant Shah\My Documents\Vasant\Web Page-VPS11\dpkcards.htm <-- A VPS11 Home Page /webdocs dpkcards.htm
2007.09.14 17:10 B C:\Documents and Settings\Vasant Shah\My Documents\Vasant\Web Page-VPS11\dpkf.htm <-- A VPS11 Home Page /webdocs dpkf.htm
2007.09.14 17:10 B C:\Documents and Settings\Vasant Shah\My Documents\Vasant\Web Page-VPS11\dpkf.jpg <-- A VPS11 Home Page /webdocs dpkf.jpg
2007.09.14 17:10 B C:\Documents and Settings\Vasant Shah\My Documents\Vasant\Web Page-VPS11\dpkfav.htm <-- A VPS11 Home Page /webdocs dpkfav.htm
2007.09.14 17:10 B C:\Documents and Settings\Vasant Shah\My Documents\Vasant\Web Page-VPS11\dpkfav1.htm <-- A VPS11 Home Page /webdocs dpkfav1.htm
2007.09.14 17:10 B C:\Documents and Settings\Vasant Shah\My Documents\Vasant\Web Page-VPS11\dpkfav1.jpg <-- A VPS11 Home Page /webdocs dpkfav1.jpg
2007.09.14 17:10 B C:\Documents and Settings\Vasant Shah\My Documents\Vasant\Web Page-VPS11\dpkfav2.htm <-- A VPS11 Home Page /webdocs dpkfav2.htm
2007.09.14 17:10 B C:\Documents and Settings\Vasant Shah\My Documents\Vasant\Web Page-VPS11\dpkfav2.jpg <-- A VPS11 Home Page /webdocs dpkfav2.jpg
2007.09.14 17:10 B C:\Documents and Settings\Vasant Shah\My Documents\Vasant\Web Page-VPS11\dpkfav3.htm <-- A VPS11 Home Page /webdocs dpkfav3.htm
2007.09.14 17:10 B C:\Documents and Settings\Vasant Shah\My Documents\Vasant\Web Page-VPS11\dpkfav3.jpg <-- A VPS11 Home Page /webdocs dpkfav3.jpg
2007.09.14 17:10 B C:\Documents and Settings\Vasant Shah\My Documents\Vasant\Web Page-VPS11\dpkfav4.htm <-- A VPS11 Home Page /webdocs dpkfav4.htm
2007.09.14 17:10 B C:\Documents and Settings\Vasant Shah\My Documents\Vasant\Web Page-VPS11\dpkfav4.jpg <-- A VPS11 Home Page /webdocs dpkfav4.jpg
2007.09.14 17:10 B C:\Documents and Settings\Vasant Shah\My Documents\Vasant\Web Page-VPS11\dpkfav5.htm <-- A VPS11 Home Page /webdocs dpkfav5.htm
2007.09.14 17:10 B C:\Documents and Settings\Vasant Shah\My Documents\Vasant\Web Page-VPS11\dpkfav5.jpg <-- A VPS11 Home Page /webdocs dpkfav5.jpg
2007.09.14 17:10 B C:\Documents and Settings\Vasant Shah\My Documents\Vasant\Web Page-VPS11\dpklink.htm <-- A VPS11 Home Page /webdocs dpklink.htm
2007.09.14 17:10 B C:\Documents and Settings\Vasant Shah\My Documents\Vasant\Web Page-VPS11\dpkmona.htm <-- A VPS11 Home Page /webdocs dpkmona.htm
2007.09.14 17:10 B C:\Documents and Settings\Vasant Shah\My Documents\Vasant\Web Page-VPS11\dpkmona.jpg <-- A VPS11 Home Page /webdocs dpkmona.jpg
2007.09.14 17:10 B C:\Documents and Settings\Vasant Shah\My Documents\Vasant\Web Page-VPS11\dpkp1.htm <-- A VPS11 Home Page /webdocs dpkp1.htm
2007.09.14 17:10 B C:\Documents and Settings\Vasant Shah\My Documents\Vasant\Web Page-VPS11\dpkp1.jpg <-- A VPS11 Home Page /webdocs dpkp1.jpg
2007.09.14 17:10 B C:\Documents and Settings\Vasant Shah\My Documents\Vasant\Web Page-VPS11\dpkp2.htm <-- A VPS11 Home Page /webdocs dpkp2.htm
2007.09.14 17:10 B C:\Documents and Settings\Vasant Shah\My Documents\Vasant\Web Page-VPS11\dpkp2.jpg <-- A VPS11 Home Page /webdocs dpkp2.jpg
2007.09.14 17:10 B C:\Documents and Settings\Vasant Shah\My Documents\Vasant\Web Page-VPS11\dpkp3.htm <-- A VPS11 Home Page /webdocs dpkp3.htm
2007.09.14 17:10 B C:\Documents and Settings\Vasant Shah\My Documents\Vasant\Web Page-VPS11\dpkp3.jpg <-- A VPS11 Home Page /webdocs dpkp3.jpg
2007.09.14 17:10 B C:\Documents and Settings\Vasant Shah\My Documents\Vasant\Web Page-VPS11\dpkp4.htm <-- A VPS11 Home Page /webdocs dpkp4.htm
2007.09.14 17:10 B C:\Documents and Settings\Vasant Shah\My Documents\Vasant\Web Page-VPS11\dpkp4.jpg <-- A VPS11 Home Page /webdocs dpkp4.jpg
2007.09.14 17:10 B C:\Documents and Settings\Vasant Shah\My Documents\Vasant\Web Page-VPS11\dpkp5.htm <-- A VPS11 Home Page /webdocs dpkp5.htm
2007.09.14 17:10 B C:\Documents and Settings\Vasant Shah\My Documents\Vasant\Web Page-VPS11\dpkp5.jpg <-- A VPS11 Home Page /webdocs dpkp5.jpg
2007.09.14 17:10 B C:\Documents and Settings\Vasant Shah\My Documents\Vasant\Web Page-VPS11\dpkph1.htm <-- A VPS11 Home Page /webdocs dpkph1.htm
2007.09.14 17:10 B C:\Documents and Settings\Vasant Shah\My Documents\Vasant\Web Page-VPS11\dpkph1.jpg <-- A VPS11 Home Page /webdocs dpkph1.jpg
2007.09.14 17:10 B C:\Documents and Settings\Vasant Shah\My Documents\Vasant\Web Page-VPS11\dpkph2.htm <-- A VPS11 Home Page /webdocs dpkph2.htm
2007.09.14 17:10 B C:\Documents and Settings\Vasant Shah\My Documents\Vasant\Web Page-VPS11\dpkph2.jpg <-- A VPS11 Home Page /webdocs dpkph2.jpg
2007.09.14 17:10 B C:\Documents and Settings\Vasant Shah\My Documents\Vasant\Web Page-VPS11\dpkph3.htm <-- A VPS11 Home Page /webdocs dpkph3.htm
2007.09.14 17:10 B C:\Documents and Settings\Vasant Shah\My Documents\Vasant\Web Page-VPS11\dpkph3.jpg <-- A VPS11 Home Page /webdocs dpkph3.jpg
2007.09.14 17:10 B C:\Documents and Settings\Vasant Shah\My Documents\Vasant\Web Page-VPS11\dpkph4.htm <-- A VPS11 Home Page /webdocs dpkph4.htm
2007.09.14 17:10 B C:\Documents and Settings\Vasant Shah\My Documents\Vasant\Web Page-VPS11\dpkph4.jpg <-- A VPS11 Home Page /webdocs dpkph4.jpg
2007.09.14 17:10 B C:\Documents and Settings\Vasant Shah\My Documents\Vasant\Web Page-VPS11\dpkph5.htm <-- A VPS11 Home Page /webdocs dpkph5.htm
2007.09.14 17:10 B C:\Documents and Settings\Vasant Shah\My Documents\Vasant\Web Page-VPS11\dpkph5.jpg <-- A VPS11 Home Page /webdocs dpkph5.jpg
2007.09.14 17:10 B C:\Documents and Settings\Vasant Shah\My Documents\Vasant\Web Page-VPS11\dpkph6.htm <-- A VPS11 Home Page /webdocs dpkph6.htm
2007.09.14 17:10 B C:\Documents and Settings\Vasant Shah\My Documents\Vasant\Web Page-VPS11\dpkph6.jpg <-- A VPS11 Home Page /webdocs dpkph6.jpg
2007.09.14 17:10 B C:\Documents and Settings\Vasant Shah\My Documents\Vasant\Web Page-VPS11\dpkph7.htm <-- A VPS11 Home Page /webdocs dpkph7.htm
2007.09.14 17:11 B C:\Documents and Settings\Vasant Shah\My Documents\Vasant\Web Page-VPS11\dpkph7.jpg <-- A VPS11 Home Page /webdocs dpkph7.jpg
2007.09.14 17:11 B C:\Documents and Settings\Vasant Shah\My Documents\Vasant\Web Page-VPS11\dpkph8.htm <-- A VPS11 Home Page /webdocs dpkph8.htm
2007.09.14 17:11 B C:\Documents and Settings\Vasant Shah\My Documents\Vasant\Web Page-VPS11\dpkph8.jpg <-- A VPS11 Home Page /webdocs dpkph8.jpg
2007.09.14 17:11 B C:\Documents and Settings\Vasant Shah\My Documents\Vasant\Web Page-VPS11\dpkpic.htm <-- A VPS11 Home Page /webdocs dpkpic.htm
2007.09.14 17:11 B C:\Documents and Settings\Vasant Shah\My Documents\Vasant\Web Page-VPS11\dpkpuff.jpg <-- A VPS11 Home Page /webdocs dpkpuff.jpg
2007.09.14 17:11 B C:\Documents and Settings\Vasant Shah\My Documents\Vasant\Web Page-VPS11\dpkr1.jpg <-- A VPS11 Home Page /webdocs dpkr1.jpg
2007.09.14 17:11 B C:\Documents and Settings\Vasant Shah\My Documents\Vasant\Web Page-VPS11\dpkr2.jpg <-- A VPS11 Home Page /webdocs dpkr2.jpg
2007.09.14 17:11 B C:\Documents and Settings\Vasant Shah\My Documents\Vasant\Web Page-VPS11\dpkr3.jpg <-- A VPS11 Home Page /webdocs dpkr3.jpg
2007.09.14 17:11 B C:\Documents and Settings\Vasant Shah\My Documents\Vasant\Web Page-VPS11\dpkr4.jpg <-- A VPS11 Home Page /webdocs dpkr4.jpg
2007.09.14 17:11 B C:\Documents and Settings\Vasant Shah\My Documents\Vasant\Web Page-VPS11\dpkst1.htm <-- A VPS11 Home Page /webdocs dpkst1.htm
2007.09.14 17:11 B C:\Documents and Settings\Vasant Shah\My Documents\Vasant\Web Page-VPS11\dpkst1.jpg <-- A VPS11 Home Page /webdocs dpkst1.jpg
2007.09.14 17:11 B C:\Documents and Settings\Vasant Shah\My Documents\Vasant\Web Page-VPS11\dpkst2.htm <-- A VPS11 Home Page /webdocs dpkst2.htm
2007.09.14 17:11 B C:\Documents and Settings\Vasant Shah\My Documents\Vasant\Web Page-VPS11\dpkst2.jpg <-- A VPS11 Home Page /webdocs dpkst2.jpg
2007.09.14 17:11 B C:\Documents and Settings\Vasant Shah\My Documents\Vasant\Web Page-VPS11\dpktemp3.jpg <-- A VPS11 Home Page /webdocs dpktemp3.jpg
2007.09.14 17:11 B C:\Documents and Settings\Vasant Shah\My Documents\Vasant\Web Page-VPS11\dpluc2.gif <-- A VPS11 Home Page /webdocs dpluc2.gif
2007.09.14 17:11 B C:\Documents and Settings\Vasant Shah\My Documents\Vasant\Web Page-VPS11\fore.htm <-- A VPS11 Home Page /webdocs fore.htm
2007.09.14 17:11 B C:\Documents and Settings\Vasant Shah\My Documents\Vasant\Web Page-VPS11\hcover.jpg <-- A VPS11 Home Page /webdocs hcover.jpg
2007.09.14 17:11 B C:\Documents and Settings\Vasant Shah\My Documents\Vasant\Web Page-VPS11\hcover1t.jpg <-- A VPS11 Home Page /webdocs hcover1t.jpg
2007.09.14 17:11 B C:\Documents and Settings\Vasant Shah\My Documents\Vasant\Web Page-VPS11\hdedi.htm <-- A VPS11 Home Page /webdocs hdedi.htm
2007.09.14 17:11 B C:\Documents and Settings\Vasant Shah\My Documents\Vasant\Web Page-VPS11\hindex.htm <-- A VPS11 Home Page /webdocs hindex.htm
2007.09.14 17:11 B C:\Documents and Settings\Vasant Shah\My Documents\Vasant\Web Page-VPS11\hindi.htm <-- A VPS11 Home Page /webdocs hindi.htm
2007.09.14 17:11 B C:\Documents and Settings\Vasant Shah\My Documents\Vasant\Web Page-VPS11\hpg1.jpg <-- A VPS11 Home Page /webdocs hpg1.jpg
2007.09.14 17:11 B C:\Documents and Settings\Vasant Shah\My Documents\Vasant\Web Page-VPS11\hpg10.htm <-- A VPS11 Home Page /webdocs hpg10.htm
2007.09.14 17:11 B C:\Documents and Settings\Vasant Shah\My Documents\Vasant\Web Page-VPS11\hpg10.jpg <-- A VPS11 Home Page /webdocs hpg10.jpg
2007.09.14 17:11 B C:\Documents and Settings\Vasant Shah\My Documents\Vasant\Web Page-VPS11\hpg11.htm <-- A VPS11 Home Page /webdocs hpg11.htm
2007.09.14 17:11 B C:\Documents and Settings\Vasant Shah\My Documents\Vasant\Web Page-VPS11\hpg11.jpg <-- A VPS11 Home Page /webdocs hpg11.jpg
2007.09.14 17:11 B C:\Documents and Settings\Vasant Shah\My Documents\Vasant\Web Page-VPS11\hpg12.htm <-- A VPS11 Home Page /webdocs hpg12.htm
2007.09.14 17:11 B C:\Documents and Settings\Vasant Shah\My Documents\Vasant\Web Page-VPS11\hpg12.jpg <-- A VPS11 Home Page /webdocs hpg12.jpg
2007.09.14 17:11 B C:\Documents and Settings\Vasant Shah\My Documents\Vasant\Web Page-VPS11\hpg13.htm <-- A VPS11 Home Page /webdocs hpg13.htm
2007.09.14 17:11 B C:\Documents and Settings\Vasant Shah\My Documents\Vasant\Web Page-VPS11\hpg13.jpg <-- A VPS11 Home Page /webdocs hpg13.jpg
2007.09.14 17:11 B C:\Documents and Settings\Vasant Shah\My Documents\Vasant\Web Page-VPS11\hpg14.htm <-- A VPS11 Home Page /webdocs hpg14.htm
2007.09.14 17:11 B C:\Documents and Settings\Vasant Shah\My Documents\Vasant\Web Page-VPS11\hpg14.jpg <-- A VPS11 Home Page /webdocs hpg14.jpg
2007.09.14 17:11 B C:\Documents and Settings\Vasant Shah\My Documents\Vasant\Web Page-VPS11\hpg15.htm <-- A VPS11 Home Page /webdocs hpg15.htm
2007.09.14 17:11 B C:\Documents and Settings\Vasant Shah\My Documents\Vasant\Web Page-VPS11\hpg15.jpg <-- A VPS11 Home Page /webdocs hpg15.jpg
2007.09.14 17:11 B C:\Documents and Settings\Vasant Shah\My Documents\Vasant\Web Page-VPS11\hpg2.htm <-- A VPS11 Home Page /webdocs hpg2.htm
2007.09.14 17:11 B C:\Documents and Settings\Vasant Shah\My Documents\Vasant\Web Page-VPS11\hpg2.jpg <-- A VPS11 Home Page /webdocs hpg2.jpg
2007.09.14 17:11 B C:\Documents and Settings\Vasant Shah\My Documents\Vasant\Web Page-VPS11\hpg3.htm <-- A VPS11 Home Page /webdocs hpg3.htm
2007.09.14 17:11 B C:\Documents and Settings\Vasant Shah\My Documents\Vasant\Web Page-VPS11\hpg3.jpg <-- A VPS11 Home Page /webdocs hpg3.jpg
2007.09.14 17:11 B C:\Documents and Settings\Vasant Shah\My Documents\Vasant\Web Page-VPS11\hpg4.htm <-- A VPS11 Home Page /webdocs hpg4.htm
2007.09.14 17:11 B C:\Documents and Settings\Vasant Shah\My Documents\Vasant\Web Page-VPS11\hpg4.jpg <-- A VPS11 Home Page /webdocs hpg4.jpg
2007.09.14 17:11 B C:\Documents and Settings\Vasant Shah\My Documents\Vasant\Web Page-VPS11\hpg5.htm <-- A VPS11 Home Page /webdocs hpg5.htm
2007.09.14 17:11 B C:\Documents and Settings\Vasant Shah\My Documents\Vasant\Web Page-VPS11\hpg5.jpg <-- A VPS11 Home Page /webdocs hpg5.jpg
2007.09.14 17:11 B C:\Documents and Settings\Vasant Shah\My Documents\Vasant\Web Page-VPS11\hpg6.htm <-- A VPS11 Home Page /webdocs hpg6.htm
2007.09.14 17:11 B C:\Documents and Settings\Vasant Shah\My Documents\Vasant\Web Page-VPS11\hpg6.jpg <-- A VPS11 Home Page /webdocs hpg6.jpg
2007.09.14 17:11 B C:\Documents and Settings\Vasant Shah\My Documents\Vasant\Web Page-VPS11\hpg7.htm <-- A VPS11 Home Page /webdocs hpg7.htm
2007.09.14 17:11 B C:\Documents and Settings\Vasant Shah\My Documents\Vasant\Web Page-VPS11\hpg7.jpg <-- A VPS11 Home Page /webdocs hpg7.jpg
2007.09.14 17:11 B C:\Documents and Settings\Vasant Shah\My Documents\Vasant\Web Page-VPS11\hpg8.htm <-- A VPS11 Home Page /webdocs hpg8.htm
2007.09.14 17:11 B C:\Documents and Settings\Vasant Shah\My Documents\Vasant\Web Page-VPS11\hpg8.jpg <-- A VPS11 Home Page /webdocs hpg8.jpg
2007.09.14 17:11 B C:\Documents and Settings\Vasant Shah\My Documents\Vasant\Web Page-VPS11\hpg9.htm <-- A VPS11 Home Page /webdocs hpg9.htm
2007.09.14 17:11 B C:\Documents and Settings\Vasant Shah\My Documents\Vasant\Web Page-VPS11\hpg9.jpg <-- A VPS11 Home Page /webdocs hpg9.jpg
2007.09.14 17:11 B C:\Documents and Settings\Vasant Shah\My Documents\Vasant\Web Page-VPS11\index.htm <-- A VPS11 Home Page /webdocs index.htm
2007.09.14 17:11 B C:\Documents and Settings\Vasant Shah\My Documents\Vasant\Web Page-VPS11\index1.htm <-- A VPS11 Home Page /webdocs index1.htm
2007.09.14 17:11 B C:\Documents and Settings\Vasant Shah\My Documents\Vasant\Web Page-VPS11\jsh1.htm <-- A VPS11 Home Page /webdocs jsh1.htm
2007.09.14 17:11 B C:\Documents and Settings\Vasant Shah\My Documents\Vasant\Web Page-VPS11\jsh1.jpg <-- A VPS11 Home Page /webdocs jsh1.jpg
2007.09.14 17:11 B C:\Documents and Settings\Vasant Shah\My Documents\Vasant\Web Page-VPS11\links.htm <-- A VPS11 Home Page /webdocs links.htm
2007.09.14 17:11 B C:\Documents and Settings\Vasant Shah\My Documents\Vasant\Web Page-VPS11\links.txt <-- A VPS11 Home Page /webdocs links.txt
2007.09.14 17:11 B C:\Documents and Settings\Vasant Shah\My Documents\Vasant\Web Page-VPS11\mailbear.gif <-- A VPS11 Home Page /webdocs mailbear.gif
2007.09.14 17:11 B C:\Documents and Settings\Vasant Shah\My Documents\Vasant\Web Page-VPS11\minaxi.htm <-- A VPS11 Home Page /webdocs minaxi.htm
2007.09.14 17:11 B C:\Documents and Settings\Vasant Shah\My Documents\Vasant\Web Page-VPS11\minaxi.jpg <-- A VPS11 Home Page /webdocs minaxi.jpg
2007.09.14 17:11 B C:\Documents and Settings\Vasant Shah\My Documents\Vasant\Web Page-VPS11\musicbutton.gif <-- A VPS11 Home Page /webdocs musicbutton.gif
2007.09.14 17:11 B C:\Documents and Settings\Vasant Shah\My Documents\Vasant\Web Page-VPS11\n1.htm <-- A VPS11 Home Page /webdocs n1.htm
2007.09.14 17:11 B C:\Documents and Settings\Vasant Shah\My Documents\Vasant\Web Page-VPS11\n1.jpg <-- A VPS11 Home Page /webdocs n1.jpg
2007.09.14 17:11 B C:\Documents and Settings\Vasant Shah\My Documents\Vasant\Web Page-VPS11\n1t.jpg <-- A VPS11 Home Page /webdocs n1t.jpg
2007.09.14 17:11 B C:\Documents and Settings\Vasant Shah\My Documents\Vasant\Web Page-VPS11\n2.htm <-- A VPS11 Home Page /webdocs n2.htm
2007.09.14 17:11 B C:\Documents and Settings\Vasant Shah\My Documents\Vasant\Web Page-VPS11\n2.jpg <-- A VPS11 Home Page /webdocs n2.jpg
2007.09.14 17:11 B C:\Documents and Settings\Vasant Shah\My Documents\Vasant\Web Page-VPS11\n2t.jpg <-- A VPS11 Home Page /webdocs n2t.jpg
2007.09.14 17:11 B C:\Documents and Settings\Vasant Shah\My Documents\Vasant\Web Page-VPS11\n3.htm <-- A VPS11 Home Page /webdocs n3.htm
2007.09.14 17:11 B C:\Documents and Settings\Vasant Shah\My Documents\Vasant\Web Page-VPS11\n3.jpg <-- A VPS11 Home Page /webdocs n3.jpg
2007.09.14 17:11 B C:\Documents and Settings\Vasant Shah\My Documents\Vasant\Web Page-VPS11\n3t.jpg <-- A VPS11 Home Page /webdocs n3t.jpg
2007.09.14 17:11 B C:\Documents and Settings\Vasant Shah\My Documents\Vasant\Web Page-VPS11\n_poetry.htm <-- A VPS11 Home Page /webdocs n_poetry.htm
2007.09.14 17:11 B C:\Documents and Settings\Vasant Shah\My Documents\Vasant\Web Page-VPS11\new4.gif <-- A VPS11 Home Page /webdocs new4.gif
2007.09.14 17:11 B C:\Documents and Settings\Vasant Shah\My Documents\Vasant\Web Page-VPS11\new_y.gif <-- A VPS11 Home Page /webdocs new_y.gif
2007.09.14 17:11 B C:\Documents and Settings\Vasant Shah\My Documents\Vasant\Web Page-VPS11\niag1.htm <-- A VPS11 Home Page /webdocs niag1.htm
2007.09.14 17:11 B C:\Documents and Settings\Vasant Shah\My Documents\Vasant\Web Page-VPS11\niag1.jpg <-- A VPS11 Home Page /webdocs niag1.jpg
2007.09.14 17:11 B C:\Documents and Settings\Vasant Shah\My Documents\Vasant\Web Page-VPS11\niag2.htm <-- A VPS11 Home Page /webdocs niag2.htm
2007.09.14 17:11 B C:\Documents and Settings\Vasant Shah\My Documents\Vasant\Web Page-VPS11\niag2.jpg <-- A VPS11 Home Page /webdocs niag2.jpg
2007.09.14 17:11 B C:\Documents and Settings\Vasant Shah\My Documents\Vasant\Web Page-VPS11\ny1.htm <-- A VPS11 Home Page /webdocs ny1.htm
2007.09.14 17:11 B C:\Documents and Settings\Vasant Shah\My Documents\Vasant\Web Page-VPS11\ny1.jpg <-- A VPS11 Home Page /webdocs ny1.jpg
2007.09.14 17:11 B C:\Documents and Settings\Vasant Shah\My Documents\Vasant\Web Page-VPS11\palitan1.jpg <-- A VPS11 Home Page /webdocs palitan1.jpg
2007.09.14 17:11 B C:\Documents and Settings\Vasant Shah\My Documents\Vasant\Web Page-VPS11\pen10.jpg <-- A VPS11 Home Page /webdocs pen10.jpg
2007.09.14 17:11 B C:\Documents and Settings\Vasant Shah\My Documents\Vasant\Web Page-VPS11\pen12.jpg <-- A VPS11 Home Page /webdocs pen12.jpg
2007.09.14 17:11 B C:\Documents and Settings\Vasant Shah\My Documents\Vasant\Web Page-VPS11\pen14.jpg <-- A VPS11 Home Page /webdocs pen14.jpg
2007.09.14 17:11 B C:\Documents and Settings\Vasant Shah\My Documents\Vasant\Web Page-VPS11\pen15.jpg <-- A VPS11 Home Page /webdocs pen15.jpg
2007.09.14 17:11 B C:\Documents and Settings\Vasant Shah\My Documents\Vasant\Web Page-VPS11\pen16.jpg <-- A VPS11 Home Page /webdocs pen16.jpg
2007.09.14 17:11 B C:\Documents and Settings\Vasant Shah\My Documents\Vasant\Web Page-VPS11\pen17.jpg <-- A VPS11 Home Page /webdocs pen17.jpg
2007.09.14 17:11 B C:\Documents and Settings\Vasant Shah\My Documents\Vasant\Web Page-VPS11\pen18.jpg <-- A VPS11 Home Page /webdocs pen18.jpg
2007.09.14 17:11 B C:\Documents and Settings\Vasant Shah\My Documents\Vasant\Web Page-VPS11\pen19.jpg <-- A VPS11 Home Page /webdocs pen19.jpg
2007.09.14 17:11 B C:\Documents and Settings\Vasant Shah\My Documents\Vasant\Web Page-VPS11\pen2.jpg <-- A VPS11 Home Page /webdocs pen2.jpg
2007.09.14 17:11 B C:\Documents and Settings\Vasant Shah\My Documents\Vasant\Web Page-VPS11\pen20.jpg <-- A VPS11 Home Page /webdocs pen20.jpg
2007.09.14 17:11 B C:\Documents and Settings\Vasant Shah\My Documents\Vasant\Web Page-VPS11\pen21.jpg <-- A VPS11 Home Page /webdocs pen21.jpg
2007.09.14 17:11 B C:\Documents and Settings\Vasant Shah\My Documents\Vasant\Web Page-VPS11\pen22.jpg <-- A VPS11 Home Page /webdocs pen22.jpg
2007.09.14 17:11 B C:\Documents and Settings\Vasant Shah\My Documents\Vasant\Web Page-VPS11\pen23.jpg <-- A VPS11 Home Page /webdocs pen23.jpg
2007.09.14 17:11 B C:\Documents and Settings\Vasant Shah\My Documents\Vasant\Web Page-VPS11\pen24.jpg <-- A VPS11 Home Page /webdocs pen24.jpg
2007.09.14 17:11 B C:\Documents and Settings\Vasant Shah\My Documents\Vasant\Web Page-VPS11\pen25.jpg <-- A VPS11 Home Page /webdocs pen25.jpg
2007.09.14 17:11 B C:\Documents and Settings\Vasant Shah\My Documents\Vasant\Web Page-VPS11\pen26.jpg <-- A VPS11 Home Page /webdocs pen26.jpg
2007.09.14 17:11 B C:\Documents and Settings\Vasant Shah\My Documents\Vasant\Web Page-VPS11\pen27.jpg <-- A VPS11 Home Page /webdocs pen27.jpg
2007.09.14 17:11 B C:\Documents and Settings\Vasant Shah\My Documents\Vasant\Web Page-VPS11\pen28.jpg <-- A VPS11 Home Page /webdocs pen28.jpg
2007.09.14 17:11 B C:\Documents and Settings\Vasant Shah\My Documents\Vasant\Web Page-VPS11\pen29.jpg <-- A VPS11 Home Page /webdocs pen29.jpg
2007.09.14 17:11 B C:\Documents and Settings\Vasant Shah\My Documents\Vasant\Web Page-VPS11\pen3.jpg <-- A VPS11 Home Page /webdocs pen3.jpg
2007.09.14 17:12 B C:\Documents and Settings\Vasant Shah\My Documents\Vasant\Web Page-VPS11\pen30.jpg <-- A VPS11 Home Page /webdocs pen30.jpg
2007.09.14 17:12 B C:\Documents and Settings\Vasant Shah\My Documents\Vasant\Web Page-VPS11\pen31.jpg <-- A VPS11 Home Page /webdocs pen31.jpg
2007.09.14 17:12 B C:\Documents and Settings\Vasant Shah\My Documents\Vasant\Web Page-VPS11\pen32.jpg <-- A VPS11 Home Page /webdocs pen32.jpg
2007.09.14 17:12 B C:\Documents and Settings\Vasant Shah\My Documents\Vasant\Web Page-VPS11\pen33.jpg <-- A VPS11 Home Page /webdocs pen33.jpg
2007.09.14 17:12 B C:\Documents and Settings\Vasant Shah\My Documents\Vasant\Web Page-VPS11\pen34.jpg <-- A VPS11 Home Page /webdocs pen34.jpg
2007.09.14 17:23 B C:\Documents and Settings\Vasant Shah\My Documents\Vasant\Web Page-VPS11\pen35.jpg <-- A VPS11 Home Page /webdocs pen35.jpg
2007.09.14 17:23 B C:\Documents and Settings\Vasant Shah\My Documents\Vasant\Web Page-VPS11\pen36.jpg <-- A VPS11 Home Page /webdocs pen36.jpg
2007.09.14 17:23 B C:\Documents and Settings\Vasant Shah\My Documents\Vasant\Web Page-VPS11\pen37.jpg <-- A VPS11 Home Page /webdocs pen37.jpg
2007.09.14 17:23 B C:\Documents and Settings\Vasant Shah\My Documents\Vasant\Web Page-VPS11\pen38.jpg <-- A VPS11 Home Page /webdocs pen38.jpg
2007.09.14 17:23 B C:\Documents and Settings\Vasant Shah\My Documents\Vasant\Web Page-VPS11\pen39.jpg <-- A VPS11 Home Page /webdocs pen39.jpg
2007.09.14 17:23 B C:\Documents and Settings\Vasant Shah\My Documents\Vasant\Web Page-VPS11\pen4.jpg <-- A VPS11 Home Page /webdocs pen4.jpg
2007.09.14 17:23 B C:\Documents and Settings\Vasant Shah\My Documents\Vasant\Web Page-VPS11\pen40.jpg <-- A VPS11 Home Page /webdocs pen40.jpg
2007.09.14 17:23 B C:\Documents and Settings\Vasant Shah\My Documents\Vasant\Web Page-VPS11\pen41.jpg <-- A VPS11 Home Page /webdocs pen41.jpg
2007.09.14 17:23 B C:\Documents and Settings\Vasant Shah\My Documents\Vasant\Web Page-VPS11\pen42.jpg <-- A VPS11 Home Page /webdocs pen42.jpg
2007.09.14 17:23 B C:\Documents and Settings\Vasant Shah\My Documents\Vasant\Web Page-VPS11\pen43.jpg <-- A VPS11 Home Page /webdocs pen43.jpg
2007.09.14 17:23 B C:\Documents and Settings\Vasant Shah\My Documents\Vasant\Web Page-VPS11\pen44.jpg <-- A VPS11 Home Page /webdocs pen44.jpg
2007.09.14 17:23 B C:\Documents and Settings\Vasant Shah\My Documents\Vasant\Web Page-VPS11\pen45.jpg <-- A VPS11 Home Page /webdocs pen45.jpg
2007.09.14 17:23 B C:\Documents and Settings\Vasant Shah\My Documents\Vasant\Web Page-VPS11\pen46.jpg <-- A VPS11 Home Page /webdocs pen46.jpg
2007.09.14 17:23 B C:\Documents and Settings\Vasant Shah\My Documents\Vasant\Web Page-VPS11\pen47.jpg <-- A VPS11 Home Page /webdocs pen47.jpg
2007.09.14 17:23 B C:\Documents and Settings\Vasant Shah\My Documents\Vasant\Web Page-VPS11\pen5.jpg <-- A VPS11 Home Page /webdocs pen5.jpg
2007.09.14 17:23 B C:\Documents and Settings\Vasant Shah\My Documents\Vasant\Web Page-VPS11\pen6.jpg <-- A VPS11 Home Page /webdocs pen6.jpg
2007.09.14 17:23 B C:\Documents and Settings\Vasant Shah\My Documents\Vasant\Web Page-VPS11\pen7.jpg <-- A VPS11 Home Page /webdocs pen7.jpg
2007.09.14 17:23 B C:\Documents and Settings\Vasant Shah\My Documents\Vasant\Web Page-VPS11\pen8.jpg <-- A VPS11 Home Page /webdocs pen8.jpg
2007.09.14 17:23 B C:\Documents and Settings\Vasant Shah\My Documents\Vasant\Web Page-VPS11\pen9.jpg <-- A VPS11 Home Page /webdocs pen9.jpg
2007.09.14 17:23 B C:\Documents and Settings\Vasant Shah\My Documents\Vasant\Web Page-VPS11\penanim.html <-- A VPS11 Home Page /webdocs penanim.html
2007.09.14 17:23 B C:\Documents and Settings\Vasant Shah\My Documents\Vasant\Web Page-VPS11\penbg.jpg <-- A VPS11 Home Page /webdocs penbg.jpg
2007.09.14 17:23 B C:\Documents and Settings\Vasant Shah\My Documents\Vasant\Web Page-VPS11\peng1.gif <-- A VPS11 Home Page /webdocs peng1.gif
2007.09.14 17:23 B C:\Documents and Settings\Vasant Shah\My Documents\Vasant\Web Page-VPS11\peng10.gif <-- A VPS11 Home Page /webdocs peng10.gif
2007.09.14 17:23 B C:\Documents and Settings\Vasant Shah\My Documents\Vasant\Web Page-VPS11\peng11.gif <-- A VPS11 Home Page /webdocs peng11.gif
2007.09.14 17:23 B C:\Documents and Settings\Vasant Shah\My Documents\Vasant\Web Page-VPS11\peng12.gif <-- A VPS11 Home Page /webdocs peng12.gif
2007.09.14 17:23 B C:\Documents and Settings\Vasant Shah\My Documents\Vasant\Web Page-VPS11\peng2.gif <-- A VPS11 Home Page /webdocs peng2.gif
2007.09.14 17:23 B C:\Documents and Settings\Vasant Shah\My Documents\Vasant\Web Page-VPS11\peng3.gif <-- A VPS11 Home Page /webdocs peng3.gif
2007.09.14 17:23 B C:\Documents and Settings\Vasant Shah\My Documents\Vasant\Web Page-VPS11\peng4.gif <-- A VPS11 Home Page /webdocs peng4.gif
2007.09.14 17:23 B C:\Documents and Settings\Vasant Shah\My Documents\Vasant\Web Page-VPS11\peng5.gif <-- A VPS11 Home Page /webdocs peng5.gif
2007.09.14 17:23 B C:\Documents and Settings\Vasant Shah\My Documents\Vasant\Web Page-VPS11\peng6.gif <-- A VPS11 Home Page /webdocs peng6.gif
2007.09.14 17:23 B C:\Documents and Settings\Vasant Shah\My Documents\Vasant\Web Page-VPS11\peng7.gif <-- A VPS11 Home Page /webdocs peng7.gif
2007.09.14 17:23 B C:\Documents and Settings\Vasant Shah\My Documents\Vasant\Web Page-VPS11\peng8.gif <-- A VPS11 Home Page /webdocs peng8.gif
2007.09.14 17:23 B C:\Documents and Settings\Vasant Shah\My Documents\Vasant\Web Page-VPS11\peng9.gif <-- A VPS11 Home Page /webdocs peng9.gif
2007.09.14 17:23 B C:\Documents and Settings\Vasant Shah\My Documents\Vasant\Web Page-VPS11\penguin.html <-- A VPS11 Home Page /webdocs penguin.html
2007.09.14 17:23 B C:\Documents and Settings\Vasant Shah\My Documents\Vasant\Web Page-VPS11\pg1.jpg <-- A VPS11 Home Page /webdocs pg1.jpg
2007.09.14 17:23 B C:\Documents and Settings\Vasant Shah\My Documents\Vasant\Web Page-VPS11\pg10.htm <-- A VPS11 Home Page /webdocs pg10.htm
2007.09.14 17:23 B C:\Documents and Settings\Vasant Shah\My Documents\Vasant\Web Page-VPS11\pg10.jpg <-- A VPS11 Home Page /webdocs pg10.jpg
2007.09.14 17:23 B C:\Documents and Settings\Vasant Shah\My Documents\Vasant\Web Page-VPS11\pg11.htm <-- A VPS11 Home Page /webdocs pg11.htm
2007.09.14 17:23 B C:\Documents and Settings\Vasant Shah\My Documents\Vasant\Web Page-VPS11\pg11.jpg <-- A VPS11 Home Page /webdocs pg11.jpg
2007.09.14 17:23 B C:\Documents and Settings\Vasant Shah\My Documents\Vasant\Web Page-VPS11\pg12.htm <-- A VPS11 Home Page /webdocs pg12.htm
2007.09.14 17:23 B C:\Documents and Settings\Vasant Shah\My Documents\Vasant\Web Page-VPS11\pg12.jpg <-- A VPS11 Home Page /webdocs pg12.jpg
2007.09.14 17:23 B C:\Documents and Settings\Vasant Shah\My Documents\Vasant\Web Page-VPS11\pg13.htm <-- A VPS11 Home Page /webdocs pg13.htm
2007.09.14 17:23 B C:\Documents and Settings\Vasant Shah\My Documents\Vasant\Web Page-VPS11\pg13.jpg <-- A VPS11 Home Page /webdocs pg13.jpg
2007.09.14 17:23 B C:\Documents and Settings\Vasant Shah\My Documents\Vasant\Web Page-VPS11\pg14.htm <-- A VPS11 Home Page /webdocs pg14.htm
2007.09.14 17:23 B C:\Documents and Settings\Vasant Shah\My Documents\Vasant\Web Page-VPS11\pg14.jpg <-- A VPS11 Home Page /webdocs pg14.jpg
2007.09.14 17:23 B C:\Documents and Settings\Vasant Shah\My Documents\Vasant\Web Page-VPS11\pg15.htm <-- A VPS11 Home Page /webdocs pg15.htm
2007.09.14 17:23 B C:\Documents and Settings\Vasant Shah\My Documents\Vasant\Web Page-VPS11\pg15.jpg <-- A VPS11 Home Page /webdocs pg15.jpg
2007.09.14 17:23 B C:\Documents and Settings\Vasant Shah\My Documents\Vasant\Web Page-VPS11\pg16.htm <-- A VPS11 Home Page /webdocs pg16.htm
2007.09.14 17:23 B C:\Documents and Settings\Vasant Shah\My Documents\Vasant\Web Page-VPS11\pg16.jpg <-- A VPS11 Home Page /webdocs pg16.jpg
2007.09.14 17:23 B C:\Documents and Settings\Vasant Shah\My Documents\Vasant\Web Page-VPS11\pg17.htm <-- A VPS11 Home Page /webdocs pg17.htm
2007.09.14 17:23 B C:\Documents and Settings\Vasant Shah\My Documents\Vasant\Web Page-VPS11\pg17.jpg <-- A VPS11 Home Page /webdocs pg17.jpg
2007.09.14 17:23 B C:\Documents and Settings\Vasant Shah\My Documents\Vasant\Web Page-VPS11\pg18.htm <-- A VPS11 Home Page /webdocs pg18.htm
2007.09.14 17:23 B C:\Documents and Settings\Vasant Shah\My Documents\Vasant\Web Page-VPS11\pg18.jpg <-- A VPS11 Home Page /webdocs pg18.jpg
2007.09.14 17:23 B C:\Documents and Settings\Vasant Shah\My Documents\Vasant\Web Page-VPS11\pg19.htm <-- A VPS11 Home Page /webdocs pg19.htm
2007.09.14 17:23 B C:\Documents and Settings\Vasant Shah\My Documents\Vasant\Web Page-VPS11\pg19.jpg <-- A VPS11 Home Page /webdocs pg19.jpg
2007.09.14 17:23 B C:\Documents and Settings\Vasant Shah\My Documents\Vasant\Web Page-VPS11\pg2.jpg <-- A VPS11 Home Page /webdocs pg2.jpg
2007.09.14 17:23 B C:\Documents and Settings\Vasant Shah\My Documents\Vasant\Web Page-VPS11\pg20.htm <-- A VPS11 Home Page /webdocs pg20.htm
2007.09.14 17:23 B C:\Documents and Settings\Vasant Shah\My Documents\Vasant\Web Page-VPS11\pg20.jpg <-- A VPS11 Home Page /webdocs pg20.jpg
2007.09.14 17:23 B C:\Documents and Settings\Vasant Shah\My Documents\Vasant\Web Page-VPS11\pg21.htm <-- A VPS11 Home Page /webdocs pg21.htm
2007.09.14 17:23 B C:\Documents and Settings\Vasant Shah\My Documents\Vasant\Web Page-VPS11\pg21.jpg <-- A VPS11 Home Page /webdocs pg21.jpg
2007.09.14 17:23 B C:\Documents and Settings\Vasant Shah\My Documents\Vasant\Web Page-VPS11\pg22.htm <-- A VPS11 Home Page /webdocs pg22.htm
2007.09.14 17:23 B C:\Documents and Settings\Vasant Shah\My Documents\Vasant\Web Page-VPS11\pg22.jpg <-- A VPS11 Home Page /webdocs pg22.jpg
2007.09.14 17:23 B C:\Documents and Settings\Vasant Shah\My Documents\Vasant\Web Page-VPS11\pg23.htm <-- A VPS11 Home Page /webdocs pg23.htm
2007.09.14 17:23 B C:\Documents and Settings\Vasant Shah\My Documents\Vasant\Web Page-VPS11\pg23.jpg <-- A VPS11 Home Page /webdocs pg23.jpg
2007.09.14 17:23 B C:\Documents and Settings\Vasant Shah\My Documents\Vasant\Web Page-VPS11\pg24.htm <-- A VPS11 Home Page /webdocs pg24.htm
2007.09.14 17:23 B C:\Documents and Settings\Vasant Shah\My Documents\Vasant\Web Page-VPS11\pg24.jpg <-- A VPS11 Home Page /webdocs pg24.jpg
2007.09.14 17:23 B C:\Documents and Settings\Vasant Shah\My Documents\Vasant\Web Page-VPS11\pg25.htm <-- A VPS11 Home Page /webdocs pg25.htm
2007.09.14 17:23 B C:\Documents and Settings\Vasant Shah\My Documents\Vasant\Web Page-VPS11\pg25.jpg <-- A VPS11 Home Page /webdocs pg25.jpg
2007.09.14 17:23 B C:\Documents and Settings\Vasant Shah\My Documents\Vasant\Web Page-VPS11\pg3.jpg <-- A VPS11 Home Page /webdocs pg3.jpg
2007.09.14 17:23 B C:\Documents and Settings\Vasant Shah\My Documents\Vasant\Web Page-VPS11\pg4.jpg <-- A VPS11 Home Page /webdocs pg4.jpg
2007.09.14 17:23 B C:\Documents and Settings\Vasant Shah\My Documents\Vasant\Web Page-VPS11\pg5.htm <-- A VPS11 Home Page /webdocs pg5.htm
2007.09.14 17:23 B C:\Documents and Settings\Vasant Shah\My Documents\Vasant\Web Page-VPS11\pg5.jpg <-- A VPS11 Home Page /webdocs pg5.jpg
2007.09.14 17:23 B C:\Documents and Settings\Vasant Shah\My Documents\Vasant\Web Page-VPS11\pg6.htm <-- A VPS11 Home Page /webdocs pg6.htm
2007.09.14 17:23 B C:\Documents and Settings\Vasant Shah\My Documents\Vasant\Web Page-VPS11\pg6.jpg <-- A VPS11 Home Page /webdocs pg6.jpg
2007.09.14 17:23 B C:\Documents and Settings\Vasant Shah\My Documents\Vasant\Web Page-VPS11\pg7.htm <-- A VPS11 Home Page /webdocs pg7.htm
2007.09.14 17:23 B C:\Documents and Settings\Vasant Shah\My Documents\Vasant\Web Page-VPS11\pg7.jpg <-- A VPS11 Home Page /webdocs pg7.jpg
2007.09.14 17:23 B C:\Documents and Settings\Vasant Shah\My Documents\Vasant\Web Page-VPS11\pg8.htm <-- A VPS11 Home Page /webdocs pg8.htm
2007.09.14 17:23 B C:\Documents and Settings\Vasant Shah\My Documents\Vasant\Web Page-VPS11\pg8.jpg <-- A VPS11 Home Page /webdocs pg8.jpg
2007.09.14 17:23 B C:\Documents and Settings\Vasant Shah\My Documents\Vasant\Web Page-VPS11\pg9.htm <-- A VPS11 Home Page /webdocs pg9.htm
2007.09.14 17:23 B C:\Documents and Settings\Vasant Shah\My Documents\Vasant\Web Page-VPS11\pg9.jpg <-- A VPS11 Home Page /webdocs pg9.jpg
2007.09.14 17:23 B C:\Documents and Settings\Vasant Shah\My Documents\Vasant\Web Page-VPS11\picture2.html <-- A VPS11 Home Page /webdocs picture2.html
2007.09.14 17:23 B C:\Documents and Settings\Vasant Shah\My Documents\Vasant\Web Page-VPS11\pictures.htm <-- A VPS11 Home Page /webdocs pictures.htm
2007.09.14 17:23 B C:\Documents and Settings\Vasant Shah\My Documents\Vasant\Web Page-VPS11\poetry.htm <-- A VPS11 Home Page /webdocs poetry.htm
2007.09.14 17:23 B C:\Documents and Settings\Vasant Shah\My Documents\Vasant\Web Page-VPS11\raj1.htm <-- A VPS11 Home Page /webdocs raj1.htm
2007.09.14 17:23 B C:\Documents and Settings\Vasant Shah\My Documents\Vasant\Web Page-VPS11\raj1.jpg <-- A VPS11 Home Page /webdocs raj1.jpg
2007.09.14 17:23 B C:\Documents and Settings\Vasant Shah\My Documents\Vasant\Web Page-VPS11\raj2.htm <-- A VPS11 Home Page /webdocs raj2.htm
2007.09.14 17:23 B C:\Documents and Settings\Vasant Shah\My Documents\Vasant\Web Page-VPS11\raj2.jpg <-- A VPS11 Home Page /webdocs raj2.jpg
2007.09.14 17:24 B C:\Documents and Settings\Vasant Shah\My Documents\Vasant\Web Page-VPS11\scover.jpg <-- A VPS11 Home Page /webdocs scover.jpg
2007.09.14 17:24 B C:\Documents and Settings\Vasant Shah\My Documents\Vasant\Web Page-VPS11\scover1t.jpg <-- A VPS11 Home Page /webdocs scover1t.jpg
2007.09.14 17:24 B C:\Documents and Settings\Vasant Shah\My Documents\Vasant\Web Page-VPS11\shanti.htm <-- A VPS11 Home Page /webdocs shanti.htm
2007.09.14 17:24 B C:\Documents and Settings\Vasant Shah\My Documents\Vasant\Web Page-VPS11\shanti.jpg <-- A VPS11 Home Page /webdocs shanti.jpg
2007.09.14 17:24 B C:\Documents and Settings\Vasant Shah\My Documents\Vasant\Web Page-VPS11\shayari.htm <-- A VPS11 Home Page /webdocs shayari.htm
2007.09.14 17:24 B C:\Documents and Settings\Vasant Shah\My Documents\Vasant\Web Page-VPS11\spg1.jpg <-- A VPS11 Home Page /webdocs spg1.jpg
2007.09.14 17:24 B C:\Documents and Settings\Vasant Shah\My Documents\Vasant\Web Page-VPS11\spg2.htm <-- A VPS11 Home Page /webdocs spg2.htm
2007.09.14 17:24 B C:\Documents and Settings\Vasant Shah\My Documents\Vasant\Web Page-VPS11\spg2.jpg <-- A VPS11 Home Page /webdocs spg2.jpg
2007.09.14 17:24 B C:\Documents and Settings\Vasant Shah\My Documents\Vasant\Web Page-VPS11\spg3.htm <-- A VPS11 Home Page /webdocs spg3.htm
2007.09.14 17:24 B C:\Documents and Settings\Vasant Shah\My Documents\Vasant\Web Page-VPS11\spg3.jpg <-- A VPS11 Home Page /webdocs spg3.jpg
2007.09.14 17:24 B C:\Documents and Settings\Vasant Shah\My Documents\Vasant\Web Page-VPS11\spg4.htm <-- A VPS11 Home Page /webdocs spg4.htm
2007.09.14 17:24 B C:\Documents and Settings\Vasant Shah\My Documents\Vasant\Web Page-VPS11\spg4.jpg <-- A VPS11 Home Page /webdocs spg4.jpg
2007.09.14 17:24 B C:\Documents and Settings\Vasant Shah\My Documents\Vasant\Web Page-VPS11\taj1.htm <-- A VPS11 Home Page /webdocs taj1.htm
2007.09.14 17:24 B C:\Documents and Settings\Vasant Shah\My Documents\Vasant\Web Page-VPS11\taj1.jpg <-- A VPS11 Home Page /webdocs taj1.jpg
2007.09.14 17:24 B C:\Documents and Settings\Vasant Shah\My Documents\Vasant\Web Page-VPS11\taj1t.jpg <-- A VPS11 Home Page /webdocs taj1t.jpg
2007.09.14 17:24 B C:\Documents and Settings\Vasant Shah\My Documents\Vasant\Web Page-VPS11\taj2t.jpg <-- A VPS11 Home Page /webdocs taj2t.jpg
2007.09.14 17:24 B C:\Documents and Settings\Vasant Shah\My Documents\Vasant\Web Page-VPS11\taleti.htm <-- A VPS11 Home Page /webdocs taleti.htm
2007.09.14 17:24 B C:\Documents and Settings\Vasant Shah\My Documents\Vasant\Web Page-VPS11\taleti.jpg <-- A VPS11 Home Page /webdocs taleti.jpg
2007.09.14 17:24 B C:\Documents and Settings\Vasant Shah\My Documents\Vasant\Web Page-VPS11\title.jpg <-- A VPS11 Home Page /webdocs title.jpg
2007.09.14 17:24 B C:\Documents and Settings\Vasant Shah\My Documents\Vasant\Web Page-VPS11\web.html <-- A VPS11 Home Page /webdocs web.html
2007.09.14 17:24 B C:\Documents and Settings\Vasant Shah\My Documents\Vasant\Web Page-VPS11\web1.html <-- A VPS11 Home Page /webdocs web1.html
2007.09.14 17:24 B C:\Documents and Settings\Vasant Shah\My Documents\Vasant\Web Page-VPS11\web10.html <-- A VPS11 Home Page /webdocs web10.html
2007.09.14 17:24 B C:\Documents and Settings\Vasant Shah\My Documents\Vasant\Web Page-VPS11\web11.html <-- A VPS11 Home Page /webdocs web11.html
2007.09.14 17:24 B C:\Documents and Settings\Vasant Shah\My Documents\Vasant\Web Page-VPS11\web12.html <-- A VPS11 Home Page /webdocs web12.html
2007.09.14 17:24 B C:\Documents and Settings\Vasant Shah\My Documents\Vasant\Web Page-VPS11\web13.html <-- A VPS11 Home Page /webdocs web13.html
2007.09.14 17:24 B C:\Documents and Settings\Vasant Shah\My Documents\Vasant\Web Page-VPS11\web14.html <-- A VPS11 Home Page /webdocs web14.html
2007.09.14 17:24 B C:\Documents and Settings\Vasant Shah\My Documents\Vasant\Web Page-VPS11\web15.html <-- A VPS11 Home Page /webdocs web15.html
2007.09.14 17:24 B C:\Documents and Settings\Vasant Shah\My Documents\Vasant\Web Page-VPS11\web16.html <-- A VPS11 Home Page /webdocs web16.html
2007.09.14 17:24 B C:\Documents and Settings\Vasant Shah\My Documents\Vasant\Web Page-VPS11\web17.html <-- A VPS11 Home Page /webdocs web17.html
2007.09.14 17:24 B C:\Documents and Settings\Vasant Shah\My Documents\Vasant\Web Page-VPS11\web18.html <-- A VPS11 Home Page /webdocs web18.html
2007.09.14 17:24 B C:\Documents and Settings\Vasant Shah\My Documents\Vasant\Web Page-VPS11\web19.html <-- A VPS11 Home Page /webdocs web19.html
2007.09.14 17:24 B C:\Documents and Settings\Vasant Shah\My Documents\Vasant\Web Page-VPS11\web2.html <-- A VPS11 Home Page /webdocs web2.html
2007.09.14 17:24 B C:\Documents and Settings\Vasant Shah\My Documents\Vasant\Web Page-VPS11\web3.html <-- A VPS11 Home Page /webdocs web3.html
2007.09.14 17:24 B C:\Documents and Settings\Vasant Shah\My Documents\Vasant\Web Page-VPS11\web4.html <-- A VPS11 Home Page /webdocs web4.html
2007.09.14 17:24 B C:\Documents and Settings\Vasant Shah\My Documents\Vasant\Web Page-VPS11\web5.html <-- A VPS11 Home Page /webdocs web5.html
2007.09.14 17:24 B C:\Documents and Settings\Vasant Shah\My Documents\Vasant\Web Page-VPS11\web6.html <-- A VPS11 Home Page /webdocs web6.html
2007.09.14 17:24 B C:\Documents and Settings\Vasant Shah\My Documents\Vasant\Web Page-VPS11\web7.html <-- A VPS11 Home Page /webdocs web7.html
2007.09.14 17:24 B C:\Documents and Settings\Vasant Shah\My Documents\Vasant\Web Page-VPS11\web8.html <-- A VPS11 Home Page /webdocs web8.html
2007.09.14 17:24 B C:\Documents and Settings\Vasant Shah\My Documents\Vasant\Web Page-VPS11\web9.html <-- A VPS11 Home Page /webdocs web9.html
2007.09.14 17:24 B C:\Documents and Settings\Vasant Shah\My Documents\Vasant\Web Page-VPS11\webpage.html <-- A VPS11 Home Page /webdocs webpage.html
2007.09.14 17:24 B C:\Documents and Settings\Vasant Shah\My Documents\Vasant\Web Page-VPS11\webpage1.html <-- A VPS11 Home Page /webdocs webpage1.html
2007.09.14 17:24 B C:\Documents and Settings\Vasant Shah\My Documents\Vasant\Web Page-VPS11\webpage10.html <-- A VPS11 Home Page /webdocs webpage10.html
2007.09.14 17:24 B C:\Documents and Settings\Vasant Shah\My Documents\Vasant\Web Page-VPS11\webpage11.html <-- A VPS11 Home Page /webdocs webpage11.html
2007.09.14 17:24 B C:\Documents and Settings\Vasant Shah\My Documents\Vasant\Web Page-VPS11\webpage12.html <-- A VPS11 Home Page /webdocs webpage12.html
2007.09.14 17:24 B C:\Documents and Settings\Vasant Shah\My Documents\Vasant\Web Page-VPS11\webpage13.html <-- A VPS11 Home Page /webdocs webpage13.html
2007.09.14 17:24 B C:\Documents and Settings\Vasant Shah\My Documents\Vasant\Web Page-VPS11\webpage14.html <-- A VPS11 Home Page /webdocs webpage14.html
2007.09.14 17:24 B C:\Documents and Settings\Vasant Shah\My Documents\Vasant\Web Page-VPS11\webpage15.html <-- A VPS11 Home Page /webdocs webpage15.html
2007.09.14 17:24 B C:\Documents and Settings\Vasant Shah\My Documents\Vasant\Web Page-VPS11\webpage16.html <-- A VPS11 Home Page /webdocs webpage16.html
2007.09.14 17:24 B C:\Documents and Settings\Vasant Shah\My Documents\Vasant\Web Page-VPS11\webpage17.html <-- A VPS11 Home Page /webdocs webpage17.html
2007.09.14 17:24 B C:\Documents and Settings\Vasant Shah\My Documents\Vasant\Web Page-VPS11\webpage18.html <-- A VPS11 Home Page /webdocs webpage18.html
2007.09.14 17:24 B C:\Documents and Settings\Vasant Shah\My Documents\Vasant\Web Page-VPS11\webpage19.html <-- A VPS11 Home Page /webdocs webpage19.html
2007.09.14 17:24 B C:\Documents and Settings\Vasant Shah\My Documents\Vasant\Web Page-VPS11\webpage2.html <-- A VPS11 Home Page /webdocs webpage2.html
2007.09.14 17:24 B C:\Documents and Settings\Vasant Shah\My Documents\Vasant\Web Page-VPS11\webpage20.html <-- A VPS11 Home Page /webdocs webpage20.html
2007.09.14 17:24 B C:\Documents and Settings\Vasant Shah\My Documents\Vasant\Web Page-VPS11\webpage21.html <-- A VPS11 Home Page /webdocs webpage21.html
2007.09.14 17:24 B C:\Documents and Settings\Vasant Shah\My Documents\Vasant\Web Page-VPS11\webpage22.html <-- A VPS11 Home Page /webdocs webpage22.html
2007.09.14 17:24 B C:\Documents and Settings\Vasant Shah\My Documents\Vasant\Web Page-VPS11\webpage23.html <-- A VPS11 Home Page /webdocs webpage23.html
2007.09.14 17:24 B C:\Documents and Settings\Vasant Shah\My Documents\Vasant\Web Page-VPS11\webpage24.html <-- A VPS11 Home Page /webdocs webpage24.html
2007.09.14 17:24 B C:\Documents and Settings\Vasant Shah\My Documents\Vasant\Web Page-VPS11\webpage25.html <-- A VPS11 Home Page /webdocs webpage25.html
2007.09.14 17:24 B C:\Documents and Settings\Vasant Shah\My Documents\Vasant\Web Page-VPS11\webpage3.html <-- A VPS11 Home Page /webdocs webpage3.html
2007.09.14 17:24 B C:\Documents and Settings\Vasant Shah\My Documents\Vasant\Web Page-VPS11\webpage4.html <-- A VPS11 Home Page /webdocs webpage4.html
2007.09.14 17:24 B C:\Documents and Settings\Vasant Shah\My Documents\Vasant\Web Page-VPS11\webpage5.html <-- A VPS11 Home Page /webdocs webpage5.html
2007.09.14 17:24 B C:\Documents and Settings\Vasant Shah\My Documents\Vasant\Web Page-VPS11\webpage6.html <-- A VPS11 Home Page /webdocs webpage6.html
2007.09.14 17:24 B C:\Documents and Settings\Vasant Shah\My Documents\Vasant\Web Page-VPS11\webpage7.html <-- A VPS11 Home Page /webdocs webpage7.html
2007.09.14 17:24 B C:\Documents and Settings\Vasant Shah\My Documents\Vasant\Web Page-VPS11\webpage8.html <-- A VPS11 Home Page /webdocs webpage8.html
2007.09.14 17:24 B C:\Documents and Settings\Vasant Shah\My Documents\Vasant\Web Page-VPS11\webpage9.html <-- A VPS11 Home Page /webdocs webpage9.html
2007.09.14 17:24 B C:\Documents and Settings\Vasant Shah\My Documents\Vasant\Web Page-VPS11\webt1.jpg <-- A VPS11 Home Page /webdocs webt1.jpg
2007.09.14 17:24 B C:\Documents and Settings\Vasant Shah\My Documents\Vasant\Web Page-VPS11\welcome1.htm <-- A VPS11 Home Page /webdocs welcome1.htm
2007.09.14 17:24 B C:\Documents and Settings\Vasant Shah\My Documents\Vasant\Web Page-VPS11\welcome1.jpg <-- A VPS11 Home Page /webdocs welcome1.jpg
2007.09.14 17:24 B C:\Documents and Settings\Vasant Shah\My Documents\Vasant\Web Page-VPS11\wworld1.htm <-- A VPS11 Home Page /webdocs wworld1.htm
2007.09.14 17:24 B C:\Documents and Settings\Vasant Shah\My Documents\Vasant\Web Page-VPS11\wworld1.jpg <-- A VPS11 Home Page /webdocs wworld1.jpg
